<?xml version="1.0" encoding="UTF-8"?>
<testsuite name="com.example.activity.CalculatorTest" tests="9" skipped="0" failures="0" errors="0" timestamp="2023-04-20T06:17:19" hostname="LAPTOP-A6T5DS80" time="0.058">
  <properties/>
  <testcase name="whenSubtractionTwoNumberThenReturnCorrectAnswer()" classname="com.example.activity.CalculatorTest" time="0.019"/>
  <testcase name="whenSquareRootThenReturnCorrectAnswer()" classname="com.example.activity.CalculatorTest" time="0.005"/>
  <testcase name="whenAdditionTwoNumberThenReturnCorrectAnswer()" classname="com.example.activity.CalculatorTest" time="0.002"/>
  <testcase name="whenMultiplicationTwoNumberThenReturnCorrectAnswer()" classname="com.example.activity.CalculatorTest" time="0.002"/>
  <testcase name="whenPowerThenReturnCorrectAnswer()" classname="com.example.activity.CalculatorTest" time="0.001"/>
  <testcase name="whenCalculatorInitializedThenReturnTrue()" classname="com.example.activity.CalculatorTest" time="0.002"/>
  <testcase name="whenDivisionThenReturnCorrectAnswer()" classname="com.example.activity.CalculatorTest" time="0.001"/>
  <testcase name="whenDivisionByZeroThenThrowException()" classname="com.example.activity.CalculatorTest" time="0.003"/>
  <testcase name="whenSquareRootOfNegativeNumberThenThrowException()" classname="com.example.activity.CalculatorTest" time="0.001"/>
  <system-out><![CDATA[]]></system-out>
  <system-err><![CDATA[]]></system-err>
</testsuite>
