<?xml version="1.0" encoding="UTF-8"?>
<testsuite name="com.wordz.domain.WordTest" tests="1" skipped="0" failures="0" errors="0" timestamp="2023-04-05T14:17:50" hostname="DESKTOP-N5JMKK2" time="0.479">
  <properties/>
  <testcase name="oneIncorrectLetter()" classname="com.wordz.domain.WordTest" time="0.479"/>
  <system-out><![CDATA[]]></system-out>
  <system-err><![CDATA[]]></system-err>
</testsuite>
